<?xml version="1.0" encoding="UTF-8"?>
<!-- Generated by org.testng.reporters.JUnitXMLReporter -->
<testsuite hostname="Pradeep-PC" name="regression" tests="3" failures="0" timestamp="14 Aug 2018 08:16:02 GMT" time="54.742" errors="0">
  <testcase name="LoginPagetitletest" time="0.166" classname="testcases.LoginPageTest"/>
  <testcase name="crmlogotest" time="0.319" classname="testcases.LoginPageTest"/>
  <testcase name="logintest" time="10.369" classname="testcases.LoginPageTest"/>
</testsuite> <!-- regression -->
