<?xml version="1.0" encoding="UTF-8"?>
<testng-results skipped="0" failed="0" total="3" passed="3">
  <reporter-output>
  </reporter-output>
  <suite name="qa test cases" duration-ms="54742" started-at="2018-08-14T08:15:07Z" finished-at="2018-08-14T08:16:02Z">
    <groups>
    </groups>
    <test name="regression" duration-ms="54742" started-at="2018-08-14T08:15:07Z" finished-at="2018-08-14T08:16:02Z">
      <class name="testcases.LoginPageTest">
        <test-method status="PASS" signature="setup()[pri:0, instance:testcases.LoginPageTest@68c4039c]" name="setup" is-config="true" duration-ms="15283" started-at="2018-08-14T13:45:07Z" finished-at="2018-08-14T13:45:22Z">
          <reporter-output>
          </reporter-output>
        </test-method> <!-- setup -->
        <test-method status="PASS" signature="LoginPagetitletest()[pri:0, instance:testcases.LoginPageTest@68c4039c]" name="LoginPagetitletest" duration-ms="166" started-at="2018-08-14T13:45:22Z" finished-at="2018-08-14T13:45:23Z">
          <reporter-output>
          </reporter-output>
        </test-method> <!-- LoginPagetitletest -->
        <test-method status="PASS" signature="TearDown()[pri:0, instance:testcases.LoginPageTest@68c4039c]" name="TearDown" is-config="true" duration-ms="1074" started-at="2018-08-14T13:45:23Z" finished-at="2018-08-14T13:45:24Z">
          <reporter-output>
          </reporter-output>
        </test-method> <!-- TearDown -->
        <test-method status="PASS" signature="setup()[pri:0, instance:testcases.LoginPageTest@68c4039c]" name="setup" is-config="true" duration-ms="12364" started-at="2018-08-14T13:45:24Z" finished-at="2018-08-14T13:45:36Z">
          <reporter-output>
          </reporter-output>
        </test-method> <!-- setup -->
        <test-method status="PASS" signature="crmlogotest()[pri:0, instance:testcases.LoginPageTest@68c4039c]" name="crmlogotest" duration-ms="319" started-at="2018-08-14T13:45:36Z" finished-at="2018-08-14T13:45:36Z">
          <reporter-output>
          </reporter-output>
        </test-method> <!-- crmlogotest -->
        <test-method status="PASS" signature="TearDown()[pri:0, instance:testcases.LoginPageTest@68c4039c]" name="TearDown" is-config="true" duration-ms="972" started-at="2018-08-14T13:45:36Z" finished-at="2018-08-14T13:45:37Z">
          <reporter-output>
          </reporter-output>
        </test-method> <!-- TearDown -->
        <test-method status="PASS" signature="setup()[pri:0, instance:testcases.LoginPageTest@68c4039c]" name="setup" is-config="true" duration-ms="13330" started-at="2018-08-14T13:45:37Z" finished-at="2018-08-14T13:45:51Z">
          <reporter-output>
          </reporter-output>
        </test-method> <!-- setup -->
        <test-method status="PASS" signature="logintest()[pri:0, instance:testcases.LoginPageTest@68c4039c]" name="logintest" duration-ms="10369" started-at="2018-08-14T13:45:51Z" finished-at="2018-08-14T13:46:01Z">
          <reporter-output>
          </reporter-output>
        </test-method> <!-- logintest -->
        <test-method status="PASS" signature="TearDown()[pri:0, instance:testcases.LoginPageTest@68c4039c]" name="TearDown" is-config="true" duration-ms="837" started-at="2018-08-14T13:46:01Z" finished-at="2018-08-14T13:46:02Z">
          <reporter-output>
          </reporter-output>
        </test-method> <!-- TearDown -->
      </class> <!-- testcases.LoginPageTest -->
    </test> <!-- regression -->
  </suite> <!-- qa test cases -->
</testng-results>
