<?xml version="1.0" encoding="UTF-8"?>
<!-- Generated by org.testng.reporters.JUnitXMLReporter -->
<testsuite hostname="Pradeep-PC" name="regression" tests="12" failures="0" timestamp="11 Aug 2018 10:56:14 GMT" time="318.745" errors="0">
  <testcase name="LoginPagetitletest" time="0.075" classname="testcases.LoginPageTest"/>
  <testcase name="crmlogotest" time="0.248" classname="testcases.LoginPageTest"/>
  <testcase name="logintest" time="9.601" classname="testcases.LoginPageTest"/>
  <testcase name="VerifyHomePageTitleTest" time="0.027" classname="testcases.HomePageTest"/>
  <testcase name="CorrectUserName" time="0.232" classname="testcases.HomePageTest"/>
  <testcase name="verifycontactslinktest" time="4.306" classname="testcases.HomePageTest"/>
  <testcase name="VerifyContactLabelDisplayTest" time="0.251" classname="testcases.ContactsPageTest"/>
  <testcase name="checkboxtest" time="0.426" classname="testcases.ContactsPageTest"/>
  <testcase name="multicheckboxtest" time="0.516" classname="testcases.ContactsPageTest"/>
  <testcase name="CreateNewContactTest" time="8.612" classname="testcases.ContactsPageTest"/>
  <testcase name="CreateNewContactExcelTest" time="6.785" classname="testcases.ContactsPageTest"/>
  <testcase name="CreateNewContactExcelTest" time="8.715" classname="testcases.ContactsPageTest"/>
</testsuite> <!-- regression -->
